(---------------------------------------------------------------------)
(                                                                     )
(    Allegro Netrev Import Logic                                      )
(                                                                     )
(    Drawing          : LS01_TB.brd                                   )
(    Software Version : 16.6-2015S054                                 )
(    Date/Time        : Tue Mar 27 16:59:09 2018                      )
(                                                                     )
(---------------------------------------------------------------------)


------ Directives ------------

Ripup etch:                  No
Ripup delete first segment:  No
Ripup retain bondwire:       No
Ripup symbols:               Always
Missing symbol has error:    No
DRC update:                  Yes
Schematic directory:         'E:/Project/LEXUN/LS01_TB/allegro'
Design Directory:            '.'
Old design name:             'LS01_TB.brd'
New design name:             'LS01_TB.brd'

CmdLine: netrev -$ -i E:/Project/LEXUN/LS01_TB/allegro -y 1 -q netrev_constraint_report.xml D:/Cadence/lib/allegro/psm_draSymbols/#Taaaaal22060.tmp

------ Preparing to read pst files ------

Starting to read E:/Project/LEXUN/LS01_TB/allegro/pstchip.dat 
   Finished reading E:/Project/LEXUN/LS01_TB/allegro/pstchip.dat (00:00:00.02)
Starting to read E:/Project/LEXUN/LS01_TB/allegro/pstxprt.dat 
   Finished reading E:/Project/LEXUN/LS01_TB/allegro/pstxprt.dat (00:00:00.00)
Starting to read E:/Project/LEXUN/LS01_TB/allegro/pstxnet.dat 
   Finished reading E:/Project/LEXUN/LS01_TB/allegro/pstxnet.dat (00:00:00.00)

------ Oversights/Warnings/Errors ------


#1   WARNING(SPMHNI-192): Device/Symbol check warning detected. [help]

ERROR(SPMHNI-196): Symbol 'DF13-2-NAB' for device 'HEADER_DF13-2-NAB_DF13-20DP-1.2' has extra pin '24'.

ERROR(SPMHNI-196): Symbol 'DF13-2-NAB' for device 'HEADER_DF13-2-NAB_DF13-20DP-1.2' has extra pin '23'.

#2   WARNING(SPMHNI-192): Device/Symbol check warning detected. [help]

WARNING(SPMHNI-194): Symbol 'MSS22D18G2' used by RefDes SW1 for device 'SW_SL_DPDT_MSS22D18G2_SW_SL_DPD' not found in PSMPATH or must be "dbdoctor"ed.

------ Library Paths ------
MODULEPATH =  . 
           D:/Cadence/SPB_16.6/share/local/pcb/modules 

PSMPATH =  . 
           symbols 
           .. 
           ../symbols 
           D:/Cadence/SPB_16.6/share/local/pcb/symbols 
           D:/Cadence/SPB_16.6/share/pcb/pcb_lib/symbols 
           D:/Cadence/SPB_16.6/share/pcb/allegrolib/symbols 
           D:/Cadence/lib/allegro/bsm/ 
           D:/Cadence/lib/allegro/fsm/ 
           D:/Cadence/lib/allegro/ssm/ 
           D:/Cadence/lib/allegro/psm_draSymbols/ 

PADPATH =  . 
           symbols 
           .. 
           ../symbols 
           D:/Cadence/SPB_16.6/share/local/pcb/padstacks 
           D:/Cadence/SPB_16.6/share/pcb/pcb_lib/symbols 
           D:/Cadence/SPB_16.6/share/pcb/allegrolib/symbols 
           D:/Cadence/lib/allegro/pad/ 


------ Summary Statistics ------


netrev run on Mar 27 16:59:09 2018
   DESIGN NAME : 'LS01_TB'
   PACKAGING ON Jun  8 2015 17:42:25

   COMPILE 'logic'
   CHECK_PIN_NAMES OFF
   CROSS_REFERENCE OFF
   FEEDBACK OFF
   INCREMENTAL OFF
   INTERFACE_TYPE PHYSICAL
   MAX_ERRORS 500
   MERGE_MINIMUM 5
   NET_NAME_CHARS '#%&()*+-./:=>?@[]^_`|'
   NET_NAME_LENGTH 24
   OVERSIGHTS ON
   REPLACE_CHECK OFF
   SINGLE_NODE_NETS ON
   SPLIT_MINIMUM 0
   SUPPRESS   20
   WARNINGS ON

 No error detected
 No oversight detected
  2 warnings detected

cpu time      0:00:36
elapsed time  0:00:00

