(---------------------------------------------------------------------)
(                                                                     )
(    Parameter File READ                                              )
(                                                                     )
(    Drawing          : cry3215.dra                                   )
(    Software Version : 16.6-2015S108                                 )
(    Date/Time        : Thu Aug 05 22:17:41 2021                      )
(                                                                     )
(---------------------------------------------------------------------)


	Paramfile Name : D:/Cadence/lib/allegro/prm/createSymbols_MM.prm
	Layout Name   : D:/Cadence/lib/allegro/psm_draSymbols/cry3215.dra

Reading...parameter_header:
Reading...db_common_type:
Reading...grid_parms_type:
Reading...UnusedPadsSuppressionSettings:
Reading...color_table_table:
Reading...ColorParmType:
Reading...text_size_table:
Reading...ministat_parm_type:
Reading...ats_parm_type:


..... Total number of errors: 0.
..... Total number of warnings: 0.
