(---------------------------------------------------------------------)
(                                                                     )
(    Allegro NETLIST IN Log File                                      )
(                                                                     )
(    Drawing          : Y211_V1.brd                                   )
(    Software Version : 16.6-2015S102                                 )
(    Date/Time        : Thu Sep 24 10:56:36 2020                      )
(                                                                     )
(---------------------------------------------------------------------)


Thu Sep 24 10:56:36 2020				Page     1




Netlist File: 'D:/Cadence/lib/allegro/hsymbol\Y211_V1.TXT'      Physical Desig~
n File: 'D:/Cadence/lib/allegro/hsymbol\Y211_V1.brd'

===========================================================

$PACKAGES
L0805 ! 'L0805' ! '.10' ; L1
$NETS
'ANT_125K' ; L1.1 L1.2
$END

===========================================================
End of NETLIST IN Syntax/Logic Check
===========================================================

Total Netlist Warnings =  0.
Total Netlist Errors   =  0.
Thu Sep 24 10:56:36 2020				Page     1

Parsing device file: 'D:/Cadence/lib/allegro/hsymbol/l0805.txt'.


(DEVICE DESCRIPTION FILE: L0805)
PACKAGE L0805
PINCOUNT 2
CLASS DISCRETE
PACKAGEPROP ALT_SYMBOLS '(L0805,L0805W)'

PINORDER 'L0805' 1 2 

FUNCTION F1 'L0805' 1 2 

END


===========================================================

Total Device File Warnings =  0.
Total Device File Errors   =  0.

===========================================================

Total Combined Netlist and Device File Warnings =  0.
Total Combined Netlist and Device File Errors   =  0.

===========================================================
End of Allegro NETLIST IN Log
===========================================================
