(---------------------------------------------------------------------)
(                                                                     )
(    Parameter File READ                                              )
(                                                                     )
(    Drawing          : spdif.dra                                     )
(    Software Version : 16.6-2015S108                                 )
(    Date/Time        : Wed Jul 28 10:44:40 2021                      )
(                                                                     )
(---------------------------------------------------------------------)


	Paramfile Name : D:/Cadence/lib/allegro/prm/createSymbols.prm
	Layout Name   : D:/Cadence/lib/allegro/x922/spdif.dra

Reading...parameter_header:
Reading...db_common_type:
Reading...grid_parms_type:
	WARNING: The value of element <etchcount> is not equal to the number of 
		   user defined subclass under ETCH class. 

Reading...UnusedPadsSuppressionSettings:
Reading...color_table_table:
Reading...ColorParmType:
Reading...text_size_table:
Reading...ministat_parm_type:
Reading...ats_parm_type:


..... Total number of errors: 0.
..... Total number of warnings: 1.
